<?xml version="1.0" encoding="UTF-8"?>
<!-- Generated by org.testng.reporters.JUnitReportReporter -->
<testsuite hostname="DESKTOP-NBUOKNK" name="com.abc.ignition.main.test.TestRunner" tests="1" failures="0" timestamp="17 Mar 2019 05:15:49 GMT" time="34.911" errors="0">
  <testcase name="feature" time="34.911" classname="com.abc.ignition.main.test.TestRunner"/>
</testsuite> <!-- com.abc.ignition.main.test.TestRunner -->
