<?xml version="1.0" encoding="UTF-8"?>
<!-- Generated by org.testng.reporters.JUnitReportReporter -->
<testsuite hostname="tawhid21-PC" name="com.abc.ignition.webservice.SimpleGetTest" tests="1" failures="0" timestamp="21 Apr 2018 16:46:36 GMT" time="4.650" errors="0">
  <testcase name="GetWeatherDetails" time="4.650" classname="com.abc.ignition.webservice.SimpleGetTest"/>
</testsuite> <!-- com.abc.ignition.webservice.SimpleGetTest -->
