<?xml version="1.0" encoding="UTF-8"?>
<!-- Generated by org.testng.reporters.JUnitReportReporter -->
<testsuite hostname="DESKTOP-NBUOKNK" name="org.saleforce.service.test.TestRunner" tests="1" failures="0" timestamp="17 Mar 2019 17:04:32 GMT" time="33.918" errors="0">
  <testcase name="feature" time="33.918" classname="org.saleforce.service.test.TestRunner"/>
</testsuite> <!-- org.saleforce.service.test.TestRunner -->
